# JRE version: OpenJDK Runtime Environment Temurin-17.0.8.1+1 (17.0.8.1+1) (build 17.0.8.1+1)
# Java VM: OpenJDK 64-Bit Server VM Temurin-17.0.8.1+1 (17.0.8.1+1, mixed mode, tiered, compressed oops, compressed class ptrs, g1 gc, linux-amd64)
GC Precious Log:
 CPUs: 8 total, 8 available
 Memory: 7679M
 Large Page Support: Disabled
 NUMA Support: Disabled
 Compressed Oops: Enabled (32-bit)
 Heap Region Size: 1M
 Heap Min Capacity: 8M
 Heap Initial Capacity: 120M
 Heap Max Capacity: 1920M
 Pre-touch: Disabled
 Parallel Workers: 8
 Concurrent Workers: 2
 Concurrent Refinement Workers: 8
 Periodic GC: Disabled
Heap:
 garbage-first heap   total 58368K, used 42561K [0x0000000088000000, 0x0000000100000000)
  region size 1024K, 27 young (27648K), 3 survivors (3072K)
 Metaspace       used 50523K, committed 51072K, reserved 1114112K
  class space    used 6208K, committed 6464K, reserved 1048576K
GC Heap History (19 events):
Event: 3.202 GC heap before
{Heap before GC invocations=0 (full 0):
 garbage-first heap   total 122880K, used 23552K [0x0000000088000000, 0x0000000100000000)
  region size 1024K, 23 young (23552K), 0 survivors (0K)
 Metaspace       used 14182K, committed 14464K, reserved 1114112K
  class space    used 1465K, committed 1600K, reserved 1048576K
}
Event: 3.241 GC heap after
{Heap after GC invocations=1 (full 0):
 garbage-first heap   total 122880K, used 6787K [0x0000000088000000, 0x0000000100000000)
  region size 1024K, 3 young (3072K), 3 survivors (3072K)
 Metaspace       used 14182K, committed 14464K, reserved 1114112K
  class space    used 1465K, committed 1600K, reserved 1048576K
}
Event: 4.723 GC heap before
{Heap before GC invocations=1 (full 0):
 garbage-first heap   total 122880K, used 29315K [0x0000000088000000, 0x0000000100000000)
  region size 1024K, 26 young (26624K), 3 survivors (3072K)
 Metaspace       used 21268K, committed 21504K, reserved 1114112K
  class space    used 2290K, committed 2432K, reserved 1048576K
}
Event: 4.744 GC heap after
{Heap after GC invocations=2 (full 0):
 garbage-first heap   total 122880K, used 8793K [0x0000000088000000, 0x0000000100000000)
  region size 1024K, 2 young (2048K), 2 survivors (2048K)
 Metaspace       used 21268K, committed 21504K, reserved 1114112K
  class space    used 2290K, committed 2432K, reserved 1048576K
}
Event: 5.628 GC heap before
{Heap before GC invocations=3 (full 0):
 garbage-first heap   total 34816K, used 25177K [0x0000000088000000, 0x0000000100000000)
  region size 1024K, 20 young (20480K), 2 survivors (2048K)
 Metaspace       used 25467K, committed 25664K, reserved 1114112K
  class space    used 2849K, committed 2944K, reserved 1048576K
}
Event: 5.660 GC heap after
{Heap after GC invocations=4 (full 0):
 garbage-first heap   total 34816K, used 10804K [0x0000000088000000, 0x0000000100000000)
  region size 1024K, 2 young (2048K), 2 survivors (2048K)
 Metaspace       used 25467K, committed 25664K, reserved 1114112K
  class space    used 2849K, committed 2944K, reserved 1048576K
}
Event: 5.734 GC heap before
{Heap before GC invocations=4 (full 0):
 garbage-first heap   total 34816K, used 11828K [0x0000000088000000, 0x0000000100000000)
  region size 1024K, 3 young (3072K), 2 survivors (2048K)
 Metaspace       used 25662K, committed 25920K, reserved 1114112K
  class space    used 2874K, committed 2944K, reserved 1048576K
}
Event: 5.751 GC heap after
{Heap after GC invocations=5 (full 0):
 garbage-first heap   total 34816K, used 11132K [0x0000000088000000, 0x0000000100000000)
  region size 1024K, 1 young (1024K), 1 survivors (1024K)
 Metaspace       used 25662K, committed 25920K, reserved 1114112K
  class space    used 2874K, committed 2944K, reserved 1048576K
}
Event: 6.897 GC heap before
{Heap before GC invocations=5 (full 0):
 garbage-first heap   total 34816K, used 23420K [0x0000000088000000, 0x0000000100000000)
  region size 1024K, 14 young (14336K), 1 survivors (1024K)
 Metaspace       used 26831K, committed 27072K, reserved 1114112K
  class space    used 3009K, committed 3072K, reserved 1048576K
}
Event: 6.906 GC heap after
{Heap after GC invocations=6 (full 0):
 garbage-first heap   total 34816K, used 12242K [0x0000000088000000, 0x0000000100000000)
  region size 1024K, 2 young (2048K), 2 survivors (2048K)
 Metaspace       used 26831K, committed 27072K, reserved 1114112K
  class space    used 3009K, committed 3072K, reserved 1048576K
}
Event: 7.935 GC heap before
{Heap before GC invocations=6 (full 0):
 garbage-first heap   total 34816K, used 24530K [0x0000000088000000, 0x0000000100000000)
  region size 1024K, 14 young (14336K), 2 survivors (2048K)
 Metaspace       used 28870K, committed 29120K, reserved 1114112K
  class space    used 3263K, committed 3392K, reserved 1048576K
}
Event: 7.946 GC heap after
{Heap after GC invocations=7 (full 0):
 garbage-first heap   total 34816K, used 13122K [0x0000000088000000, 0x0000000100000000)
  region size 1024K, 1 young (1024K), 1 survivors (1024K)
 Metaspace       used 28870K, committed 29120K, reserved 1114112K
  class space    used 3263K, committed 3392K, reserved 1048576K
}
Event: 9.415 GC heap before
{Heap before GC invocations=7 (full 0):
 garbage-first heap   total 34816K, used 26434K [0x0000000088000000, 0x0000000100000000)
  region size 1024K, 14 young (14336K), 1 survivors (1024K)
 Metaspace       used 31254K, committed 31552K, reserved 1114112K
  class space    used 3612K, committed 3776K, reserved 1048576K
}
Event: 9.429 GC heap after
{Heap after GC invocations=8 (full 0):
 garbage-first heap   total 58368K, used 14273K [0x0000000088000000, 0x0000000100000000)
  region size 1024K, 2 young (2048K), 2 survivors (2048K)
 Metaspace       used 31254K, committed 31552K, reserved 1114112K
  class space    used 3612K, committed 3776K, reserved 1048576K
}
Event: 11.074 GC heap before
{Heap before GC invocations=8 (full 0):
 garbage-first heap   total 58368K, used 32705K [0x0000000088000000, 0x0000000100000000)
  region size 1024K, 22 young (22528K), 2 survivors (2048K)
 Metaspace       used 35746K, committed 36096K, reserved 1114112K
  class space    used 4221K, committed 4416K, reserved 1048576K
}
Event: 11.102 GC heap after
{Heap after GC invocations=9 (full 0):
 garbage-first heap   total 58368K, used 16477K [0x0000000088000000, 0x0000000100000000)
  region size 1024K, 4 young (4096K), 4 survivors (4096K)
 Metaspace       used 35746K, committed 36096K, reserved 1114112K
  class space    used 4221K, committed 4416K, reserved 1048576K
}
Event: 12.463 GC heap before
{Heap before GC invocations=10 (full 0):
 garbage-first heap   total 58368K, used 40029K [0x0000000088000000, 0x0000000100000000)
  region size 1024K, 28 young (28672K), 4 survivors (4096K)
 Metaspace       used 40604K, committed 41024K, reserved 1114112K
  class space    used 4891K, committed 5120K, reserved 1048576K
}
Event: 12.477 GC heap after
{Heap after GC invocations=11 (full 0):
 garbage-first heap   total 58368K, used 17985K [0x0000000088000000, 0x0000000100000000)
  region size 1024K, 2 young (2048K), 2 survivors (2048K)
 Metaspace       used 40604K, committed 41024K, reserved 1114112K
  class space    used 4891K, committed 5120K, reserved 1048576K
}
Event: 14.583 GC heap before
{Heap before GC invocations=11 (full 0):
 garbage-first heap   total 58368K, used 42561K [0x0000000088000000, 0x0000000100000000)
  region size 1024K, 26 young (26624K), 2 survivors (2048K)
 Metaspace       used 50523K, committed 51072K, reserved 1114112K
  class space    used 6208K, committed 6464K, reserved 1048576K
}

