# JRE version: OpenJDK Runtime Environment Temurin-17.0.8.1+1 (17.0.8.1+1) (build 17.0.8.1+1)
# Java VM: OpenJDK 64-Bit Server VM Temurin-17.0.8.1+1 (17.0.8.1+1, mixed mode, tiered, compressed oops, compressed class ptrs, g1 gc, linux-amd64)
GC Precious Log:
 CPUs: 8 total, 8 available
 Memory: 7679M
 Large Page Support: Disabled
 NUMA Support: Disabled
 Compressed Oops: Enabled (32-bit)
 Heap Region Size: 1M
 Heap Min Capacity: 8M
 Heap Initial Capacity: 120M
 Heap Max Capacity: 1920M
 Pre-touch: Disabled
 Parallel Workers: 8
 Concurrent Workers: 2
 Concurrent Refinement Workers: 8
 Periodic GC: Disabled
Heap:
 garbage-first heap   total 47104K, used 23306K [0x0000000088000000, 0x0000000100000000)
  region size 1024K, 9 young (9216K), 1 survivors (1024K)
 Metaspace       used 37130K, committed 37568K, reserved 1114112K
  class space    used 4411K, committed 4672K, reserved 1048576K
GC Heap History (18 events):
Event: 3.470 GC heap before
{Heap before GC invocations=0 (full 0):
 garbage-first heap   total 122880K, used 23552K [0x0000000088000000, 0x0000000100000000)
  region size 1024K, 23 young (23552K), 0 survivors (0K)
 Metaspace       used 14316K, committed 14528K, reserved 1114112K
  class space    used 1475K, committed 1600K, reserved 1048576K
}
Event: 3.497 GC heap after
{Heap after GC invocations=1 (full 0):
 garbage-first heap   total 122880K, used 6888K [0x0000000088000000, 0x0000000100000000)
  region size 1024K, 3 young (3072K), 3 survivors (3072K)
 Metaspace       used 14316K, committed 14528K, reserved 1114112K
  class space    used 1475K, committed 1600K, reserved 1048576K
}
Event: 4.810 GC heap before
{Heap before GC invocations=1 (full 0):
 garbage-first heap   total 122880K, used 29416K [0x0000000088000000, 0x0000000100000000)
  region size 1024K, 27 young (27648K), 3 survivors (3072K)
 Metaspace       used 21292K, committed 21504K, reserved 1114112K
  class space    used 2298K, committed 2432K, reserved 1048576K
}
Event: 4.831 GC heap after
{Heap after GC invocations=2 (full 0):
 garbage-first heap   total 122880K, used 8972K [0x0000000088000000, 0x0000000100000000)
  region size 1024K, 2 young (2048K), 2 survivors (2048K)
 Metaspace       used 21292K, committed 21504K, reserved 1114112K
  class space    used 2298K, committed 2432K, reserved 1048576K
}
Event: 5.504 GC heap before
{Heap before GC invocations=3 (full 0):
 garbage-first heap   total 34816K, used 26380K [0x0000000088000000, 0x0000000100000000)
  region size 1024K, 20 young (20480K), 2 survivors (2048K)
 Metaspace       used 25316K, committed 25536K, reserved 1114112K
  class space    used 2828K, committed 2944K, reserved 1048576K
}
Event: 5.520 GC heap after
{Heap after GC invocations=4 (full 0):
 garbage-first heap   total 34816K, used 10618K [0x0000000088000000, 0x0000000100000000)
  region size 1024K, 2 young (2048K), 2 survivors (2048K)
 Metaspace       used 25316K, committed 25536K, reserved 1114112K
  class space    used 2828K, committed 2944K, reserved 1048576K
}
Event: 5.629 GC heap before
{Heap before GC invocations=4 (full 0):
 garbage-first heap   total 34816K, used 11642K [0x0000000088000000, 0x0000000100000000)
  region size 1024K, 3 young (3072K), 2 survivors (2048K)
 Metaspace       used 25531K, committed 25792K, reserved 1114112K
  class space    used 2856K, committed 2944K, reserved 1048576K
}
Event: 5.640 GC heap after
{Heap after GC invocations=5 (full 0):
 garbage-first heap   total 34816K, used 11132K [0x0000000088000000, 0x0000000100000000)
  region size 1024K, 1 young (1024K), 1 survivors (1024K)
 Metaspace       used 25531K, committed 25792K, reserved 1114112K
  class space    used 2856K, committed 2944K, reserved 1048576K
}
Event: 6.596 GC heap before
{Heap before GC invocations=5 (full 0):
 garbage-first heap   total 34816K, used 23420K [0x0000000088000000, 0x0000000100000000)
  region size 1024K, 14 young (14336K), 1 survivors (1024K)
 Metaspace       used 26837K, committed 27072K, reserved 1114112K
  class space    used 3008K, committed 3072K, reserved 1048576K
}
Event: 6.607 GC heap after
{Heap after GC invocations=6 (full 0):
 garbage-first heap   total 34816K, used 12437K [0x0000000088000000, 0x0000000100000000)
  region size 1024K, 2 young (2048K), 2 survivors (2048K)
 Metaspace       used 26837K, committed 27072K, reserved 1114112K
  class space    used 3008K, committed 3072K, reserved 1048576K
}
Event: 7.699 GC heap before
{Heap before GC invocations=6 (full 0):
 garbage-first heap   total 34816K, used 24725K [0x0000000088000000, 0x0000000100000000)
  region size 1024K, 14 young (14336K), 2 survivors (2048K)
 Metaspace       used 28745K, committed 28992K, reserved 1114112K
  class space    used 3249K, committed 3392K, reserved 1048576K
}
Event: 7.714 GC heap after
{Heap after GC invocations=7 (full 0):
 garbage-first heap   total 34816K, used 13427K [0x0000000088000000, 0x0000000100000000)
  region size 1024K, 1 young (1024K), 1 survivors (1024K)
 Metaspace       used 28745K, committed 28992K, reserved 1114112K
  class space    used 3249K, committed 3392K, reserved 1048576K
}
Event: 8.775 GC heap before
{Heap before GC invocations=7 (full 0):
 garbage-first heap   total 34816K, used 25715K [0x0000000088000000, 0x0000000100000000)
  region size 1024K, 13 young (13312K), 1 survivors (1024K)
 Metaspace       used 30891K, committed 31296K, reserved 1114112K
  class space    used 3574K, committed 3776K, reserved 1048576K
}
Event: 8.790 GC heap after
{Heap after GC invocations=8 (full 0):
 garbage-first heap   total 47104K, used 14385K [0x0000000088000000, 0x0000000100000000)
  region size 1024K, 2 young (2048K), 2 survivors (2048K)
 Metaspace       used 30891K, committed 31296K, reserved 1114112K
  class space    used 3574K, committed 3776K, reserved 1048576K
}
Event: 10.442 GC heap before
{Heap before GC invocations=8 (full 0):
 garbage-first heap   total 47104K, used 33841K [0x0000000088000000, 0x0000000100000000)
  region size 1024K, 21 young (21504K), 2 survivors (2048K)
 Metaspace       used 34606K, committed 34944K, reserved 1114112K
  class space    used 4113K, committed 4288K, reserved 1048576K
}
Event: 10.469 GC heap after
{Heap after GC invocations=9 (full 0):
 garbage-first heap   total 47104K, used 16311K [0x0000000088000000, 0x0000000100000000)
  region size 1024K, 3 young (3072K), 3 survivors (3072K)
 Metaspace       used 34606K, committed 34944K, reserved 1114112K
  class space    used 4113K, committed 4288K, reserved 1048576K
}
Event: 10.731 GC heap before
{Heap before GC invocations=9 (full 0):
 garbage-first heap   total 47104K, used 19383K [0x0000000088000000, 0x0000000100000000)
  region size 1024K, 7 young (7168K), 3 survivors (3072K)
 Metaspace       used 35584K, committed 35968K, reserved 1114112K
  class space    used 4208K, committed 4416K, reserved 1048576K
}
Event: 10.759 GC heap after
{Heap after GC invocations=10 (full 0):
 garbage-first heap   total 47104K, used 17162K [0x0000000088000000, 0x0000000100000000)
  region size 1024K, 1 young (1024K), 1 survivors (1024K)
 Metaspace       used 35584K, committed 35968K, reserved 1114112K
  class space    used 4208K, committed 4416K, reserved 1048576K
}

